State 102 conflicts: 1 shift/reduce


Grammar

    0 $accept: translation_unit $end

    1 translation_unit: external_declaration
    2                 | translation_unit external_declaration

    3 external_declaration: function_definition
    4                     | declaration

    5 @1: /* empty */

    6 function_definition: type_specifier declarator @1 compound_statement

    7 declaration_list: /* empty */
    8                 | declaration_list declaration

    9 declaration: type_specifier declarator ';'

   10 type_specifier: "void"
   11               | "char"
   12               | "int"
   13               | "long"

   14 declarator: identifier
   15           | '*' declarator
   16           | '(' declarator ')'
   17           | declarator '(' parameter_list ')'
   18           | declarator '(' ')'

   19 parameter_list: parameter_declaration
   20               | parameter_list ',' parameter_declaration

   21 parameter_declaration: type_specifier declarator

   22 statement_list: statement
   23               | statement_list statement

   24 statement: expression_opt ';'
   25          | compound_statement
   26          | "if" '(' expression ')' statement
   27          | "if" '(' expression ')' statement "else" statement
   28          | "while" '(' expression ')' statement
   29          | "goto" identifier ';'
   30          | identifier ':' statement
   31          | "return" expression_opt ';'

   32 @2: /* empty */

   33 @3: /* empty */

   34 compound_statement: '{' @2 declaration_list @3 statement_list '}'

   35 expression_opt: /* empty */
   36               | expression

   37 expression: identifier
   38           | INTEGER_CONSTANT
   39           | CHARACTER_CONSTANT
   40           | STRING
   41           | expression '=' expression
   42           | expression "||" expression
   43           | expression "&&" expression
   44           | expression "==" expression
   45           | expression '<' expression
   46           | expression '+' expression
   47           | expression '-' expression
   48           | expression '*' expression
   49           | expression '/' expression
   50           | unary_operator expression
   51           | expression '(' argument_expression_list ')'
   52           | expression '(' ')'
   53           | '(' expression ')'

   54 unary_operator: '&'
   55               | '*'
   56               | '+'
   57               | '-'
   58               | '!'

   59 argument_expression_list: expression
   60                         | argument_expression_list ',' expression

   61 identifier: IDENTIFIER


Terminals, with rules where they appear

$end (0) 0
'!' (33) 58
'&' (38) 54
'(' (40) 16 17 18 26 27 28 51 52 53
')' (41) 16 17 18 26 27 28 51 52 53
'*' (42) 15 48 55
'+' (43) 46 56
',' (44) 20 60
'-' (45) 47 57
'/' (47) 49
':' (58) 30
';' (59) 9 24 29 31
'<' (60) 45
'=' (61) 41
'{' (123) 34
'}' (125) 34
error (256)
"char" (258) 11
"else" (259) 27
"goto" (260) 29
"if" (261) 26 27
"int" (262) 12
"long" (263) 13
"return" (264) 31
"void" (265) 10
"while" (266) 28
"==" (267) 44
"&&" (268) 43
"||" (269) 42
IDENTIFIER (270) 61
STRING (271) 40
INTEGER_CONSTANT (272) 38
CHARACTER_CONSTANT (273) 39
UNARY_OP (274)


Nonterminals, with rules where they appear

$accept (35)
    on left: 0
translation_unit (36)
    on left: 1 2, on right: 0 2
external_declaration (37)
    on left: 3 4, on right: 1 2
function_definition (38)
    on left: 6, on right: 3
@1 (39)
    on left: 5, on right: 6
declaration_list (40)
    on left: 7 8, on right: 8 34
declaration (41)
    on left: 9, on right: 4 8
type_specifier (42)
    on left: 10 11 12 13, on right: 6 9 21
declarator (43)
    on left: 14 15 16 17 18, on right: 6 9 15 16 17 18 21
parameter_list (44)
    on left: 19 20, on right: 17 20
parameter_declaration (45)
    on left: 21, on right: 19 20
statement_list (46)
    on left: 22 23, on right: 23 34
statement (47)
    on left: 24 25 26 27 28 29 30 31, on right: 22 23 26 27 28 30
compound_statement (48)
    on left: 34, on right: 6 25
@2 (49)
    on left: 32, on right: 34
@3 (50)
    on left: 33, on right: 34
expression_opt (51)
    on left: 35 36, on right: 24 31
expression (52)
    on left: 37 38 39 40 41 42 43 44 45 46 47 48 49 50 51 52 53,
    on right: 26 27 28 36 41 42 43 44 45 46 47 48 49 50 51 52 53 59
    60
unary_operator (53)
    on left: 54 55 56 57 58, on right: 50
argument_expression_list (54)
    on left: 59 60, on right: 51 60
identifier (55)
    on left: 61, on right: 14 29 30 37


state 0

    0 $accept: . translation_unit $end

    "char"  shift, and go to state 1
    "int"   shift, and go to state 2
    "long"  shift, and go to state 3
    "void"  shift, and go to state 4

    translation_unit      go to state 5
    external_declaration  go to state 6
    function_definition   go to state 7
    declaration           go to state 8
    type_specifier        go to state 9


state 1

   11 type_specifier: "char" .

    $default  reduce using rule 11 (type_specifier)


state 2

   12 type_specifier: "int" .

    $default  reduce using rule 12 (type_specifier)


state 3

   13 type_specifier: "long" .

    $default  reduce using rule 13 (type_specifier)


state 4

   10 type_specifier: "void" .

    $default  reduce using rule 10 (type_specifier)


state 5

    0 $accept: translation_unit . $end
    2 translation_unit: translation_unit . external_declaration

    $end    shift, and go to state 10
    "char"  shift, and go to state 1
    "int"   shift, and go to state 2
    "long"  shift, and go to state 3
    "void"  shift, and go to state 4

    external_declaration  go to state 11
    function_definition   go to state 7
    declaration           go to state 8
    type_specifier        go to state 9


state 6

    1 translation_unit: external_declaration .

    $default  reduce using rule 1 (translation_unit)


state 7

    3 external_declaration: function_definition .

    $default  reduce using rule 3 (external_declaration)


state 8

    4 external_declaration: declaration .

    $default  reduce using rule 4 (external_declaration)


state 9

    6 function_definition: type_specifier . declarator @1 compound_statement
    9 declaration: type_specifier . declarator ';'

    IDENTIFIER  shift, and go to state 12
    '*'         shift, and go to state 13
    '('         shift, and go to state 14

    declarator  go to state 15
    identifier  go to state 16


state 10

    0 $accept: translation_unit $end .

    $default  accept


state 11

    2 translation_unit: translation_unit external_declaration .

    $default  reduce using rule 2 (translation_unit)


state 12

   61 identifier: IDENTIFIER .

    $default  reduce using rule 61 (identifier)


state 13

   15 declarator: '*' . declarator

    IDENTIFIER  shift, and go to state 12
    '*'         shift, and go to state 13
    '('         shift, and go to state 14

    declarator  go to state 17
    identifier  go to state 16


state 14

   16 declarator: '(' . declarator ')'

    IDENTIFIER  shift, and go to state 12
    '*'         shift, and go to state 13
    '('         shift, and go to state 14

    declarator  go to state 18
    identifier  go to state 16


state 15

    6 function_definition: type_specifier declarator . @1 compound_statement
    9 declaration: type_specifier declarator . ';'
   17 declarator: declarator . '(' parameter_list ')'
   18           | declarator . '(' ')'

    '('  shift, and go to state 19
    ';'  shift, and go to state 20

    $default  reduce using rule 5 (@1)

    @1  go to state 21


state 16

   14 declarator: identifier .

    $default  reduce using rule 14 (declarator)


state 17

   15 declarator: '*' declarator .
   17           | declarator . '(' parameter_list ')'
   18           | declarator . '(' ')'

    '('  shift, and go to state 19

    $default  reduce using rule 15 (declarator)


state 18

   16 declarator: '(' declarator . ')'
   17           | declarator . '(' parameter_list ')'
   18           | declarator . '(' ')'

    '('  shift, and go to state 19
    ')'  shift, and go to state 22


state 19

   17 declarator: declarator '(' . parameter_list ')'
   18           | declarator '(' . ')'

    "char"  shift, and go to state 1
    "int"   shift, and go to state 2
    "long"  shift, and go to state 3
    "void"  shift, and go to state 4
    ')'     shift, and go to state 23

    type_specifier         go to state 24
    parameter_list         go to state 25
    parameter_declaration  go to state 26


state 20

    9 declaration: type_specifier declarator ';' .

    $default  reduce using rule 9 (declaration)


state 21

    6 function_definition: type_specifier declarator @1 . compound_statement

    '{'  shift, and go to state 27

    compound_statement  go to state 28


state 22

   16 declarator: '(' declarator ')' .

    $default  reduce using rule 16 (declarator)


state 23

   18 declarator: declarator '(' ')' .

    $default  reduce using rule 18 (declarator)


state 24

   21 parameter_declaration: type_specifier . declarator

    IDENTIFIER  shift, and go to state 12
    '*'         shift, and go to state 13
    '('         shift, and go to state 14

    declarator  go to state 29
    identifier  go to state 16


state 25

   17 declarator: declarator '(' parameter_list . ')'
   20 parameter_list: parameter_list . ',' parameter_declaration

    ')'  shift, and go to state 30
    ','  shift, and go to state 31


state 26

   19 parameter_list: parameter_declaration .

    $default  reduce using rule 19 (parameter_list)


state 27

   34 compound_statement: '{' . @2 declaration_list @3 statement_list '}'

    $default  reduce using rule 32 (@2)

    @2  go to state 32


state 28

    6 function_definition: type_specifier declarator @1 compound_statement .

    $default  reduce using rule 6 (function_definition)


state 29

   17 declarator: declarator . '(' parameter_list ')'
   18           | declarator . '(' ')'
   21 parameter_declaration: type_specifier declarator .

    '('  shift, and go to state 19

    $default  reduce using rule 21 (parameter_declaration)


state 30

   17 declarator: declarator '(' parameter_list ')' .

    $default  reduce using rule 17 (declarator)


state 31

   20 parameter_list: parameter_list ',' . parameter_declaration

    "char"  shift, and go to state 1
    "int"   shift, and go to state 2
    "long"  shift, and go to state 3
    "void"  shift, and go to state 4

    type_specifier         go to state 24
    parameter_declaration  go to state 33


state 32

   34 compound_statement: '{' @2 . declaration_list @3 statement_list '}'

    $default  reduce using rule 7 (declaration_list)

    declaration_list  go to state 34


state 33

   20 parameter_list: parameter_list ',' parameter_declaration .

    $default  reduce using rule 20 (parameter_list)


state 34

    8 declaration_list: declaration_list . declaration
   34 compound_statement: '{' @2 declaration_list . @3 statement_list '}'

    "char"  shift, and go to state 1
    "int"   shift, and go to state 2
    "long"  shift, and go to state 3
    "void"  shift, and go to state 4

    $default  reduce using rule 33 (@3)

    declaration     go to state 35
    type_specifier  go to state 36
    @3              go to state 37


state 35

    8 declaration_list: declaration_list declaration .

    $default  reduce using rule 8 (declaration_list)


state 36

    9 declaration: type_specifier . declarator ';'

    IDENTIFIER  shift, and go to state 12
    '*'         shift, and go to state 13
    '('         shift, and go to state 14

    declarator  go to state 38
    identifier  go to state 16


state 37

   34 compound_statement: '{' @2 declaration_list @3 . statement_list '}'

    "goto"              shift, and go to state 39
    "if"                shift, and go to state 40
    "return"            shift, and go to state 41
    "while"             shift, and go to state 42
    IDENTIFIER          shift, and go to state 12
    STRING              shift, and go to state 43
    INTEGER_CONSTANT    shift, and go to state 44
    CHARACTER_CONSTANT  shift, and go to state 45
    '+'                 shift, and go to state 46
    '-'                 shift, and go to state 47
    '*'                 shift, and go to state 48
    '('                 shift, and go to state 49
    '{'                 shift, and go to state 27
    '&'                 shift, and go to state 50
    '!'                 shift, and go to state 51

    $default  reduce using rule 35 (expression_opt)

    statement_list      go to state 52
    statement           go to state 53
    compound_statement  go to state 54
    expression_opt      go to state 55
    expression          go to state 56
    unary_operator      go to state 57
    identifier          go to state 58


state 38

    9 declaration: type_specifier declarator . ';'
   17 declarator: declarator . '(' parameter_list ')'
   18           | declarator . '(' ')'

    '('  shift, and go to state 19
    ';'  shift, and go to state 20


state 39

   29 statement: "goto" . identifier ';'

    IDENTIFIER  shift, and go to state 12

    identifier  go to state 59


state 40

   26 statement: "if" . '(' expression ')' statement
   27          | "if" . '(' expression ')' statement "else" statement

    '('  shift, and go to state 60


state 41

   31 statement: "return" . expression_opt ';'

    IDENTIFIER          shift, and go to state 12
    STRING              shift, and go to state 43
    INTEGER_CONSTANT    shift, and go to state 44
    CHARACTER_CONSTANT  shift, and go to state 45
    '+'                 shift, and go to state 46
    '-'                 shift, and go to state 47
    '*'                 shift, and go to state 48
    '('                 shift, and go to state 49
    '&'                 shift, and go to state 50
    '!'                 shift, and go to state 51

    $default  reduce using rule 35 (expression_opt)

    expression_opt  go to state 61
    expression      go to state 56
    unary_operator  go to state 57
    identifier      go to state 62


state 42

   28 statement: "while" . '(' expression ')' statement

    '('  shift, and go to state 63


state 43

   40 expression: STRING .

    $default  reduce using rule 40 (expression)


state 44

   38 expression: INTEGER_CONSTANT .

    $default  reduce using rule 38 (expression)


state 45

   39 expression: CHARACTER_CONSTANT .

    $default  reduce using rule 39 (expression)


state 46

   56 unary_operator: '+' .

    $default  reduce using rule 56 (unary_operator)


state 47

   57 unary_operator: '-' .

    $default  reduce using rule 57 (unary_operator)


state 48

   55 unary_operator: '*' .

    $default  reduce using rule 55 (unary_operator)


state 49

   53 expression: '(' . expression ')'

    IDENTIFIER          shift, and go to state 12
    STRING              shift, and go to state 43
    INTEGER_CONSTANT    shift, and go to state 44
    CHARACTER_CONSTANT  shift, and go to state 45
    '+'                 shift, and go to state 46
    '-'                 shift, and go to state 47
    '*'                 shift, and go to state 48
    '('                 shift, and go to state 49
    '&'                 shift, and go to state 50
    '!'                 shift, and go to state 51

    expression      go to state 64
    unary_operator  go to state 57
    identifier      go to state 62


state 50

   54 unary_operator: '&' .

    $default  reduce using rule 54 (unary_operator)


state 51

   58 unary_operator: '!' .

    $default  reduce using rule 58 (unary_operator)


state 52

   23 statement_list: statement_list . statement
   34 compound_statement: '{' @2 declaration_list @3 statement_list . '}'

    "goto"              shift, and go to state 39
    "if"                shift, and go to state 40
    "return"            shift, and go to state 41
    "while"             shift, and go to state 42
    IDENTIFIER          shift, and go to state 12
    STRING              shift, and go to state 43
    INTEGER_CONSTANT    shift, and go to state 44
    CHARACTER_CONSTANT  shift, and go to state 45
    '+'                 shift, and go to state 46
    '-'                 shift, and go to state 47
    '*'                 shift, and go to state 48
    '('                 shift, and go to state 49
    '{'                 shift, and go to state 27
    '}'                 shift, and go to state 65
    '&'                 shift, and go to state 50
    '!'                 shift, and go to state 51

    $default  reduce using rule 35 (expression_opt)

    statement           go to state 66
    compound_statement  go to state 54
    expression_opt      go to state 55
    expression          go to state 56
    unary_operator      go to state 57
    identifier          go to state 58


state 53

   22 statement_list: statement .

    $default  reduce using rule 22 (statement_list)


state 54

   25 statement: compound_statement .

    $default  reduce using rule 25 (statement)


state 55

   24 statement: expression_opt . ';'

    ';'  shift, and go to state 67


state 56

   36 expression_opt: expression .
   41 expression: expression . '=' expression
   42           | expression . "||" expression
   43           | expression . "&&" expression
   44           | expression . "==" expression
   45           | expression . '<' expression
   46           | expression . '+' expression
   47           | expression . '-' expression
   48           | expression . '*' expression
   49           | expression . '/' expression
   51           | expression . '(' argument_expression_list ')'
   52           | expression . '(' ')'

    "=="  shift, and go to state 68
    "&&"  shift, and go to state 69
    "||"  shift, and go to state 70
    '='   shift, and go to state 71
    '<'   shift, and go to state 72
    '+'   shift, and go to state 73
    '-'   shift, and go to state 74
    '*'   shift, and go to state 75
    '/'   shift, and go to state 76
    '('   shift, and go to state 77

    $default  reduce using rule 36 (expression_opt)


state 57

   50 expression: unary_operator . expression

    IDENTIFIER          shift, and go to state 12
    STRING              shift, and go to state 43
    INTEGER_CONSTANT    shift, and go to state 44
    CHARACTER_CONSTANT  shift, and go to state 45
    '+'                 shift, and go to state 46
    '-'                 shift, and go to state 47
    '*'                 shift, and go to state 48
    '('                 shift, and go to state 49
    '&'                 shift, and go to state 50
    '!'                 shift, and go to state 51

    expression      go to state 78
    unary_operator  go to state 57
    identifier      go to state 62


state 58

   30 statement: identifier . ':' statement
   37 expression: identifier .

    ':'  shift, and go to state 79

    $default  reduce using rule 37 (expression)


state 59

   29 statement: "goto" identifier . ';'

    ';'  shift, and go to state 80


state 60

   26 statement: "if" '(' . expression ')' statement
   27          | "if" '(' . expression ')' statement "else" statement

    IDENTIFIER          shift, and go to state 12
    STRING              shift, and go to state 43
    INTEGER_CONSTANT    shift, and go to state 44
    CHARACTER_CONSTANT  shift, and go to state 45
    '+'                 shift, and go to state 46
    '-'                 shift, and go to state 47
    '*'                 shift, and go to state 48
    '('                 shift, and go to state 49
    '&'                 shift, and go to state 50
    '!'                 shift, and go to state 51

    expression      go to state 81
    unary_operator  go to state 57
    identifier      go to state 62


state 61

   31 statement: "return" expression_opt . ';'

    ';'  shift, and go to state 82


state 62

   37 expression: identifier .

    $default  reduce using rule 37 (expression)


state 63

   28 statement: "while" '(' . expression ')' statement

    IDENTIFIER          shift, and go to state 12
    STRING              shift, and go to state 43
    INTEGER_CONSTANT    shift, and go to state 44
    CHARACTER_CONSTANT  shift, and go to state 45
    '+'                 shift, and go to state 46
    '-'                 shift, and go to state 47
    '*'                 shift, and go to state 48
    '('                 shift, and go to state 49
    '&'                 shift, and go to state 50
    '!'                 shift, and go to state 51

    expression      go to state 83
    unary_operator  go to state 57
    identifier      go to state 62


state 64

   41 expression: expression . '=' expression
   42           | expression . "||" expression
   43           | expression . "&&" expression
   44           | expression . "==" expression
   45           | expression . '<' expression
   46           | expression . '+' expression
   47           | expression . '-' expression
   48           | expression . '*' expression
   49           | expression . '/' expression
   51           | expression . '(' argument_expression_list ')'
   52           | expression . '(' ')'
   53           | '(' expression . ')'

    "=="  shift, and go to state 68
    "&&"  shift, and go to state 69
    "||"  shift, and go to state 70
    '='   shift, and go to state 71
    '<'   shift, and go to state 72
    '+'   shift, and go to state 73
    '-'   shift, and go to state 74
    '*'   shift, and go to state 75
    '/'   shift, and go to state 76
    '('   shift, and go to state 77
    ')'   shift, and go to state 84


state 65

   34 compound_statement: '{' @2 declaration_list @3 statement_list '}' .

    $default  reduce using rule 34 (compound_statement)


state 66

   23 statement_list: statement_list statement .

    $default  reduce using rule 23 (statement_list)


state 67

   24 statement: expression_opt ';' .

    $default  reduce using rule 24 (statement)


state 68

   44 expression: expression "==" . expression

    IDENTIFIER          shift, and go to state 12
    STRING              shift, and go to state 43
    INTEGER_CONSTANT    shift, and go to state 44
    CHARACTER_CONSTANT  shift, and go to state 45
    '+'                 shift, and go to state 46
    '-'                 shift, and go to state 47
    '*'                 shift, and go to state 48
    '('                 shift, and go to state 49
    '&'                 shift, and go to state 50
    '!'                 shift, and go to state 51

    expression      go to state 85
    unary_operator  go to state 57
    identifier      go to state 62


state 69

   43 expression: expression "&&" . expression

    IDENTIFIER          shift, and go to state 12
    STRING              shift, and go to state 43
    INTEGER_CONSTANT    shift, and go to state 44
    CHARACTER_CONSTANT  shift, and go to state 45
    '+'                 shift, and go to state 46
    '-'                 shift, and go to state 47
    '*'                 shift, and go to state 48
    '('                 shift, and go to state 49
    '&'                 shift, and go to state 50
    '!'                 shift, and go to state 51

    expression      go to state 86
    unary_operator  go to state 57
    identifier      go to state 62


state 70

   42 expression: expression "||" . expression

    IDENTIFIER          shift, and go to state 12
    STRING              shift, and go to state 43
    INTEGER_CONSTANT    shift, and go to state 44
    CHARACTER_CONSTANT  shift, and go to state 45
    '+'                 shift, and go to state 46
    '-'                 shift, and go to state 47
    '*'                 shift, and go to state 48
    '('                 shift, and go to state 49
    '&'                 shift, and go to state 50
    '!'                 shift, and go to state 51

    expression      go to state 87
    unary_operator  go to state 57
    identifier      go to state 62


state 71

   41 expression: expression '=' . expression

    IDENTIFIER          shift, and go to state 12
    STRING              shift, and go to state 43
    INTEGER_CONSTANT    shift, and go to state 44
    CHARACTER_CONSTANT  shift, and go to state 45
    '+'                 shift, and go to state 46
    '-'                 shift, and go to state 47
    '*'                 shift, and go to state 48
    '('                 shift, and go to state 49
    '&'                 shift, and go to state 50
    '!'                 shift, and go to state 51

    expression      go to state 88
    unary_operator  go to state 57
    identifier      go to state 62


state 72

   45 expression: expression '<' . expression

    IDENTIFIER          shift, and go to state 12
    STRING              shift, and go to state 43
    INTEGER_CONSTANT    shift, and go to state 44
    CHARACTER_CONSTANT  shift, and go to state 45
    '+'                 shift, and go to state 46
    '-'                 shift, and go to state 47
    '*'                 shift, and go to state 48
    '('                 shift, and go to state 49
    '&'                 shift, and go to state 50
    '!'                 shift, and go to state 51

    expression      go to state 89
    unary_operator  go to state 57
    identifier      go to state 62


state 73

   46 expression: expression '+' . expression

    IDENTIFIER          shift, and go to state 12
    STRING              shift, and go to state 43
    INTEGER_CONSTANT    shift, and go to state 44
    CHARACTER_CONSTANT  shift, and go to state 45
    '+'                 shift, and go to state 46
    '-'                 shift, and go to state 47
    '*'                 shift, and go to state 48
    '('                 shift, and go to state 49
    '&'                 shift, and go to state 50
    '!'                 shift, and go to state 51

    expression      go to state 90
    unary_operator  go to state 57
    identifier      go to state 62


state 74

   47 expression: expression '-' . expression

    IDENTIFIER          shift, and go to state 12
    STRING              shift, and go to state 43
    INTEGER_CONSTANT    shift, and go to state 44
    CHARACTER_CONSTANT  shift, and go to state 45
    '+'                 shift, and go to state 46
    '-'                 shift, and go to state 47
    '*'                 shift, and go to state 48
    '('                 shift, and go to state 49
    '&'                 shift, and go to state 50
    '!'                 shift, and go to state 51

    expression      go to state 91
    unary_operator  go to state 57
    identifier      go to state 62


state 75

   48 expression: expression '*' . expression

    IDENTIFIER          shift, and go to state 12
    STRING              shift, and go to state 43
    INTEGER_CONSTANT    shift, and go to state 44
    CHARACTER_CONSTANT  shift, and go to state 45
    '+'                 shift, and go to state 46
    '-'                 shift, and go to state 47
    '*'                 shift, and go to state 48
    '('                 shift, and go to state 49
    '&'                 shift, and go to state 50
    '!'                 shift, and go to state 51

    expression      go to state 92
    unary_operator  go to state 57
    identifier      go to state 62


state 76

   49 expression: expression '/' . expression

    IDENTIFIER          shift, and go to state 12
    STRING              shift, and go to state 43
    INTEGER_CONSTANT    shift, and go to state 44
    CHARACTER_CONSTANT  shift, and go to state 45
    '+'                 shift, and go to state 46
    '-'                 shift, and go to state 47
    '*'                 shift, and go to state 48
    '('                 shift, and go to state 49
    '&'                 shift, and go to state 50
    '!'                 shift, and go to state 51

    expression      go to state 93
    unary_operator  go to state 57
    identifier      go to state 62


state 77

   51 expression: expression '(' . argument_expression_list ')'
   52           | expression '(' . ')'

    IDENTIFIER          shift, and go to state 12
    STRING              shift, and go to state 43
    INTEGER_CONSTANT    shift, and go to state 44
    CHARACTER_CONSTANT  shift, and go to state 45
    '+'                 shift, and go to state 46
    '-'                 shift, and go to state 47
    '*'                 shift, and go to state 48
    '('                 shift, and go to state 49
    ')'                 shift, and go to state 94
    '&'                 shift, and go to state 50
    '!'                 shift, and go to state 51

    expression                go to state 95
    unary_operator            go to state 57
    argument_expression_list  go to state 96
    identifier                go to state 62


state 78

   41 expression: expression . '=' expression
   42           | expression . "||" expression
   43           | expression . "&&" expression
   44           | expression . "==" expression
   45           | expression . '<' expression
   46           | expression . '+' expression
   47           | expression . '-' expression
   48           | expression . '*' expression
   49           | expression . '/' expression
   50           | unary_operator expression .
   51           | expression . '(' argument_expression_list ')'
   52           | expression . '(' ')'

    '('  shift, and go to state 77

    $default  reduce using rule 50 (expression)


state 79

   30 statement: identifier ':' . statement

    "goto"              shift, and go to state 39
    "if"                shift, and go to state 40
    "return"            shift, and go to state 41
    "while"             shift, and go to state 42
    IDENTIFIER          shift, and go to state 12
    STRING              shift, and go to state 43
    INTEGER_CONSTANT    shift, and go to state 44
    CHARACTER_CONSTANT  shift, and go to state 45
    '+'                 shift, and go to state 46
    '-'                 shift, and go to state 47
    '*'                 shift, and go to state 48
    '('                 shift, and go to state 49
    '{'                 shift, and go to state 27
    '&'                 shift, and go to state 50
    '!'                 shift, and go to state 51

    $default  reduce using rule 35 (expression_opt)

    statement           go to state 97
    compound_statement  go to state 54
    expression_opt      go to state 55
    expression          go to state 56
    unary_operator      go to state 57
    identifier          go to state 58


state 80

   29 statement: "goto" identifier ';' .

    $default  reduce using rule 29 (statement)


state 81

   26 statement: "if" '(' expression . ')' statement
   27          | "if" '(' expression . ')' statement "else" statement
   41 expression: expression . '=' expression
   42           | expression . "||" expression
   43           | expression . "&&" expression
   44           | expression . "==" expression
   45           | expression . '<' expression
   46           | expression . '+' expression
   47           | expression . '-' expression
   48           | expression . '*' expression
   49           | expression . '/' expression
   51           | expression . '(' argument_expression_list ')'
   52           | expression . '(' ')'

    "=="  shift, and go to state 68
    "&&"  shift, and go to state 69
    "||"  shift, and go to state 70
    '='   shift, and go to state 71
    '<'   shift, and go to state 72
    '+'   shift, and go to state 73
    '-'   shift, and go to state 74
    '*'   shift, and go to state 75
    '/'   shift, and go to state 76
    '('   shift, and go to state 77
    ')'   shift, and go to state 98


state 82

   31 statement: "return" expression_opt ';' .

    $default  reduce using rule 31 (statement)


state 83

   28 statement: "while" '(' expression . ')' statement
   41 expression: expression . '=' expression
   42           | expression . "||" expression
   43           | expression . "&&" expression
   44           | expression . "==" expression
   45           | expression . '<' expression
   46           | expression . '+' expression
   47           | expression . '-' expression
   48           | expression . '*' expression
   49           | expression . '/' expression
   51           | expression . '(' argument_expression_list ')'
   52           | expression . '(' ')'

    "=="  shift, and go to state 68
    "&&"  shift, and go to state 69
    "||"  shift, and go to state 70
    '='   shift, and go to state 71
    '<'   shift, and go to state 72
    '+'   shift, and go to state 73
    '-'   shift, and go to state 74
    '*'   shift, and go to state 75
    '/'   shift, and go to state 76
    '('   shift, and go to state 77
    ')'   shift, and go to state 99


state 84

   53 expression: '(' expression ')' .

    $default  reduce using rule 53 (expression)


state 85

   41 expression: expression . '=' expression
   42           | expression . "||" expression
   43           | expression . "&&" expression
   44           | expression . "==" expression
   44           | expression "==" expression .
   45           | expression . '<' expression
   46           | expression . '+' expression
   47           | expression . '-' expression
   48           | expression . '*' expression
   49           | expression . '/' expression
   51           | expression . '(' argument_expression_list ')'
   52           | expression . '(' ')'

    '<'  shift, and go to state 72
    '+'  shift, and go to state 73
    '-'  shift, and go to state 74
    '*'  shift, and go to state 75
    '/'  shift, and go to state 76
    '('  shift, and go to state 77

    $default  reduce using rule 44 (expression)


state 86

   41 expression: expression . '=' expression
   42           | expression . "||" expression
   43           | expression . "&&" expression
   43           | expression "&&" expression .
   44           | expression . "==" expression
   45           | expression . '<' expression
   46           | expression . '+' expression
   47           | expression . '-' expression
   48           | expression . '*' expression
   49           | expression . '/' expression
   51           | expression . '(' argument_expression_list ')'
   52           | expression . '(' ')'

    "=="  shift, and go to state 68
    '<'   shift, and go to state 72
    '+'   shift, and go to state 73
    '-'   shift, and go to state 74
    '*'   shift, and go to state 75
    '/'   shift, and go to state 76
    '('   shift, and go to state 77

    $default  reduce using rule 43 (expression)


state 87

   41 expression: expression . '=' expression
   42           | expression . "||" expression
   42           | expression "||" expression .
   43           | expression . "&&" expression
   44           | expression . "==" expression
   45           | expression . '<' expression
   46           | expression . '+' expression
   47           | expression . '-' expression
   48           | expression . '*' expression
   49           | expression . '/' expression
   51           | expression . '(' argument_expression_list ')'
   52           | expression . '(' ')'

    "=="  shift, and go to state 68
    "&&"  shift, and go to state 69
    '<'   shift, and go to state 72
    '+'   shift, and go to state 73
    '-'   shift, and go to state 74
    '*'   shift, and go to state 75
    '/'   shift, and go to state 76
    '('   shift, and go to state 77

    $default  reduce using rule 42 (expression)


state 88

   41 expression: expression . '=' expression
   41           | expression '=' expression .
   42           | expression . "||" expression
   43           | expression . "&&" expression
   44           | expression . "==" expression
   45           | expression . '<' expression
   46           | expression . '+' expression
   47           | expression . '-' expression
   48           | expression . '*' expression
   49           | expression . '/' expression
   51           | expression . '(' argument_expression_list ')'
   52           | expression . '(' ')'

    "=="  shift, and go to state 68
    "&&"  shift, and go to state 69
    "||"  shift, and go to state 70
    '='   shift, and go to state 71
    '<'   shift, and go to state 72
    '+'   shift, and go to state 73
    '-'   shift, and go to state 74
    '*'   shift, and go to state 75
    '/'   shift, and go to state 76
    '('   shift, and go to state 77

    $default  reduce using rule 41 (expression)


state 89

   41 expression: expression . '=' expression
   42           | expression . "||" expression
   43           | expression . "&&" expression
   44           | expression . "==" expression
   45           | expression . '<' expression
   45           | expression '<' expression .
   46           | expression . '+' expression
   47           | expression . '-' expression
   48           | expression . '*' expression
   49           | expression . '/' expression
   51           | expression . '(' argument_expression_list ')'
   52           | expression . '(' ')'

    '+'  shift, and go to state 73
    '-'  shift, and go to state 74
    '*'  shift, and go to state 75
    '/'  shift, and go to state 76
    '('  shift, and go to state 77

    $default  reduce using rule 45 (expression)


state 90

   41 expression: expression . '=' expression
   42           | expression . "||" expression
   43           | expression . "&&" expression
   44           | expression . "==" expression
   45           | expression . '<' expression
   46           | expression . '+' expression
   46           | expression '+' expression .
   47           | expression . '-' expression
   48           | expression . '*' expression
   49           | expression . '/' expression
   51           | expression . '(' argument_expression_list ')'
   52           | expression . '(' ')'

    '*'  shift, and go to state 75
    '/'  shift, and go to state 76
    '('  shift, and go to state 77

    $default  reduce using rule 46 (expression)


state 91

   41 expression: expression . '=' expression
   42           | expression . "||" expression
   43           | expression . "&&" expression
   44           | expression . "==" expression
   45           | expression . '<' expression
   46           | expression . '+' expression
   47           | expression . '-' expression
   47           | expression '-' expression .
   48           | expression . '*' expression
   49           | expression . '/' expression
   51           | expression . '(' argument_expression_list ')'
   52           | expression . '(' ')'

    '*'  shift, and go to state 75
    '/'  shift, and go to state 76
    '('  shift, and go to state 77

    $default  reduce using rule 47 (expression)


state 92

   41 expression: expression . '=' expression
   42           | expression . "||" expression
   43           | expression . "&&" expression
   44           | expression . "==" expression
   45           | expression . '<' expression
   46           | expression . '+' expression
   47           | expression . '-' expression
   48           | expression . '*' expression
   48           | expression '*' expression .
   49           | expression . '/' expression
   51           | expression . '(' argument_expression_list ')'
   52           | expression . '(' ')'

    '('  shift, and go to state 77

    $default  reduce using rule 48 (expression)


state 93

   41 expression: expression . '=' expression
   42           | expression . "||" expression
   43           | expression . "&&" expression
   44           | expression . "==" expression
   45           | expression . '<' expression
   46           | expression . '+' expression
   47           | expression . '-' expression
   48           | expression . '*' expression
   49           | expression . '/' expression
   49           | expression '/' expression .
   51           | expression . '(' argument_expression_list ')'
   52           | expression . '(' ')'

    '('  shift, and go to state 77

    $default  reduce using rule 49 (expression)


state 94

   52 expression: expression '(' ')' .

    $default  reduce using rule 52 (expression)


state 95

   41 expression: expression . '=' expression
   42           | expression . "||" expression
   43           | expression . "&&" expression
   44           | expression . "==" expression
   45           | expression . '<' expression
   46           | expression . '+' expression
   47           | expression . '-' expression
   48           | expression . '*' expression
   49           | expression . '/' expression
   51           | expression . '(' argument_expression_list ')'
   52           | expression . '(' ')'
   59 argument_expression_list: expression .

    "=="  shift, and go to state 68
    "&&"  shift, and go to state 69
    "||"  shift, and go to state 70
    '='   shift, and go to state 71
    '<'   shift, and go to state 72
    '+'   shift, and go to state 73
    '-'   shift, and go to state 74
    '*'   shift, and go to state 75
    '/'   shift, and go to state 76
    '('   shift, and go to state 77

    $default  reduce using rule 59 (argument_expression_list)


state 96

   51 expression: expression '(' argument_expression_list . ')'
   60 argument_expression_list: argument_expression_list . ',' expression

    ')'  shift, and go to state 100
    ','  shift, and go to state 101


state 97

   30 statement: identifier ':' statement .

    $default  reduce using rule 30 (statement)


state 98

   26 statement: "if" '(' expression ')' . statement
   27          | "if" '(' expression ')' . statement "else" statement

    "goto"              shift, and go to state 39
    "if"                shift, and go to state 40
    "return"            shift, and go to state 41
    "while"             shift, and go to state 42
    IDENTIFIER          shift, and go to state 12
    STRING              shift, and go to state 43
    INTEGER_CONSTANT    shift, and go to state 44
    CHARACTER_CONSTANT  shift, and go to state 45
    '+'                 shift, and go to state 46
    '-'                 shift, and go to state 47
    '*'                 shift, and go to state 48
    '('                 shift, and go to state 49
    '{'                 shift, and go to state 27
    '&'                 shift, and go to state 50
    '!'                 shift, and go to state 51

    $default  reduce using rule 35 (expression_opt)

    statement           go to state 102
    compound_statement  go to state 54
    expression_opt      go to state 55
    expression          go to state 56
    unary_operator      go to state 57
    identifier          go to state 58


state 99

   28 statement: "while" '(' expression ')' . statement

    "goto"              shift, and go to state 39
    "if"                shift, and go to state 40
    "return"            shift, and go to state 41
    "while"             shift, and go to state 42
    IDENTIFIER          shift, and go to state 12
    STRING              shift, and go to state 43
    INTEGER_CONSTANT    shift, and go to state 44
    CHARACTER_CONSTANT  shift, and go to state 45
    '+'                 shift, and go to state 46
    '-'                 shift, and go to state 47
    '*'                 shift, and go to state 48
    '('                 shift, and go to state 49
    '{'                 shift, and go to state 27
    '&'                 shift, and go to state 50
    '!'                 shift, and go to state 51

    $default  reduce using rule 35 (expression_opt)

    statement           go to state 103
    compound_statement  go to state 54
    expression_opt      go to state 55
    expression          go to state 56
    unary_operator      go to state 57
    identifier          go to state 58


state 100

   51 expression: expression '(' argument_expression_list ')' .

    $default  reduce using rule 51 (expression)


state 101

   60 argument_expression_list: argument_expression_list ',' . expression

    IDENTIFIER          shift, and go to state 12
    STRING              shift, and go to state 43
    INTEGER_CONSTANT    shift, and go to state 44
    CHARACTER_CONSTANT  shift, and go to state 45
    '+'                 shift, and go to state 46
    '-'                 shift, and go to state 47
    '*'                 shift, and go to state 48
    '('                 shift, and go to state 49
    '&'                 shift, and go to state 50
    '!'                 shift, and go to state 51

    expression      go to state 104
    unary_operator  go to state 57
    identifier      go to state 62


state 102

   26 statement: "if" '(' expression ')' statement .
   27          | "if" '(' expression ')' statement . "else" statement

    "else"  shift, and go to state 105

    "else"    [reduce using rule 26 (statement)]
    $default  reduce using rule 26 (statement)


state 103

   28 statement: "while" '(' expression ')' statement .

    $default  reduce using rule 28 (statement)


state 104

   41 expression: expression . '=' expression
   42           | expression . "||" expression
   43           | expression . "&&" expression
   44           | expression . "==" expression
   45           | expression . '<' expression
   46           | expression . '+' expression
   47           | expression . '-' expression
   48           | expression . '*' expression
   49           | expression . '/' expression
   51           | expression . '(' argument_expression_list ')'
   52           | expression . '(' ')'
   60 argument_expression_list: argument_expression_list ',' expression .

    "=="  shift, and go to state 68
    "&&"  shift, and go to state 69
    "||"  shift, and go to state 70
    '='   shift, and go to state 71
    '<'   shift, and go to state 72
    '+'   shift, and go to state 73
    '-'   shift, and go to state 74
    '*'   shift, and go to state 75
    '/'   shift, and go to state 76
    '('   shift, and go to state 77

    $default  reduce using rule 60 (argument_expression_list)


state 105

   27 statement: "if" '(' expression ')' statement "else" . statement

    "goto"              shift, and go to state 39
    "if"                shift, and go to state 40
    "return"            shift, and go to state 41
    "while"             shift, and go to state 42
    IDENTIFIER          shift, and go to state 12
    STRING              shift, and go to state 43
    INTEGER_CONSTANT    shift, and go to state 44
    CHARACTER_CONSTANT  shift, and go to state 45
    '+'                 shift, and go to state 46
    '-'                 shift, and go to state 47
    '*'                 shift, and go to state 48
    '('                 shift, and go to state 49
    '{'                 shift, and go to state 27
    '&'                 shift, and go to state 50
    '!'                 shift, and go to state 51

    $default  reduce using rule 35 (expression_opt)

    statement           go to state 106
    compound_statement  go to state 54
    expression_opt      go to state 55
    expression          go to state 56
    unary_operator      go to state 57
    identifier          go to state 58


state 106

   27 statement: "if" '(' expression ')' statement "else" statement .

    $default  reduce using rule 27 (statement)
